<?xml version="1.0" encoding="UTF-8"?>
<coverage generated="1763304315397" clover="3.2.0">
  <project timestamp="1763304315397" name="All files">
    <metrics statements="187" coveredstatements="163" conditionals="51" coveredconditionals="42" methods="14" coveredmethods="14" elements="252" coveredelements="219" complexity="0" loc="187" ncloc="187" packages="1" files="3" classes="3"/>
    <file name="admin.controllers.ts" path="C:\Users\mathi\Documents\B3_Ynov_2025-2026\Developpement API\fil-rouge\src\controllers\admin.controllers.ts">
      <metrics statements="26" coveredstatements="22" conditionals="4" coveredconditionals="4" methods="2" coveredmethods="2"/>
      <line num="2" count="1" type="stmt"/>
      <line num="4" count="1" type="stmt"/>
      <line num="5" count="3" type="stmt"/>
      <line num="6" count="3" type="stmt"/>
      <line num="7" count="3" type="stmt"/>
      <line num="9" count="3" type="stmt"/>
      <line num="10" count="3" type="cond" truecount="1" falsecount="0"/>
      <line num="12" count="2" type="cond" truecount="1" falsecount="0"/>
      <line num="13" count="1" type="stmt"/>
      <line num="16" count="1" type="stmt"/>
      <line num="18" count="1" type="stmt"/>
      <line num="20" count="1" type="stmt"/>
      <line num="22" count="0" type="stmt"/>
      <line num="23" count="0" type="stmt"/>
      <line num="27" count="1" type="stmt"/>
      <line num="28" count="3" type="stmt"/>
      <line num="29" count="3" type="stmt"/>
      <line num="30" count="3" type="stmt"/>
      <line num="32" count="3" type="stmt"/>
      <line num="33" count="3" type="cond" truecount="1" falsecount="0"/>
      <line num="35" count="2" type="cond" truecount="1" falsecount="0"/>
      <line num="36" count="1" type="stmt"/>
      <line num="39" count="1" type="stmt"/>
      <line num="41" count="1" type="stmt"/>
      <line num="43" count="0" type="stmt"/>
      <line num="44" count="0" type="stmt"/>
    </file>
    <file name="auth.controllers.ts" path="C:\Users\mathi\Documents\B3_Ynov_2025-2026\Developpement API\fil-rouge\src\controllers\auth.controllers.ts">
      <metrics statements="84" coveredstatements="78" conditionals="25" coveredconditionals="23" methods="4" coveredmethods="4"/>
      <line num="2" count="1" type="stmt"/>
      <line num="3" count="1" type="stmt"/>
      <line num="4" count="1" type="stmt"/>
      <line num="6" count="1" type="stmt"/>
      <line num="7" count="6" type="stmt"/>
      <line num="8" count="6" type="stmt"/>
      <line num="10" count="6" type="cond" truecount="4" falsecount="0"/>
      <line num="11" count="1" type="stmt"/>
      <line num="15" count="5" type="stmt"/>
      <line num="17" count="5" type="cond" truecount="1" falsecount="0"/>
      <line num="18" count="1" type="stmt"/>
      <line num="24" count="4" type="stmt"/>
      <line num="26" count="4" type="stmt"/>
      <line num="31" count="3" type="cond" truecount="1" falsecount="0"/>
      <line num="32" count="1" type="stmt"/>
      <line num="35" count="2" type="stmt"/>
      <line num="37" count="2" type="stmt"/>
      <line num="42" count="1" type="cond" truecount="2" falsecount="1"/>
      <line num="43" count="0" type="stmt"/>
      <line num="46" count="1" type="stmt"/>
      <line num="51" count="1" type="cond" truecount="0" falsecount="1"/>
      <line num="52" count="0" type="stmt"/>
      <line num="55" count="1" type="stmt"/>
      <line num="61" count="1" type="stmt"/>
      <line num="67" count="1" type="stmt"/>
      <line num="69" count="1" type="stmt"/>
      <line num="74" count="1" type="stmt"/>
      <line num="80" count="2" type="stmt"/>
      <line num="83" count="2" type="cond" truecount="1" falsecount="0"/>
      <line num="84" count="1" type="stmt"/>
      <line num="89" count="1" type="stmt"/>
      <line num="93" count="1" type="stmt"/>
      <line num="94" count="5" type="stmt"/>
      <line num="95" count="5" type="stmt"/>
      <line num="96" count="5" type="stmt"/>
      <line num="98" count="5" type="cond" truecount="3" falsecount="0"/>
      <line num="99" count="1" type="stmt"/>
      <line num="102" count="4" type="stmt"/>
      <line num="103" count="4" type="cond" truecount="1" falsecount="0"/>
      <line num="104" count="1" type="stmt"/>
      <line num="106" count="3" type="cond" truecount="1" falsecount="0"/>
      <line num="107" count="1" type="stmt"/>
      <line num="110" count="2" type="stmt"/>
      <line num="111" count="2" type="cond" truecount="1" falsecount="0"/>
      <line num="112" count="1" type="stmt"/>
      <line num="114" count="1" type="stmt"/>
      <line num="120" count="1" type="stmt"/>
      <line num="127" count="1" type="stmt"/>
      <line num="128" count="1" type="stmt"/>
      <line num="133" count="1" type="stmt"/>
      <line num="137" count="0" type="stmt"/>
      <line num="138" count="0" type="stmt"/>
      <line num="142" count="1" type="stmt"/>
      <line num="143" count="5" type="stmt"/>
      <line num="144" count="5" type="stmt"/>
      <line num="145" count="5" type="stmt"/>
      <line num="147" count="5" type="cond" truecount="3" falsecount="0"/>
      <line num="148" count="1" type="stmt"/>
      <line num="151" count="4" type="stmt"/>
      <line num="156" count="4" type="cond" truecount="1" falsecount="0"/>
      <line num="157" count="1" type="stmt"/>
      <line num="160" count="3" type="stmt"/>
      <line num="161" count="3" type="cond" truecount="1" falsecount="0"/>
      <line num="162" count="1" type="stmt"/>
      <line num="165" count="2" type="stmt"/>
      <line num="167" count="2" type="cond" truecount="1" falsecount="0"/>
      <line num="168" count="1" type="stmt"/>
      <line num="173" count="1" type="stmt"/>
      <line num="175" count="0" type="stmt"/>
      <line num="176" count="0" type="stmt"/>
      <line num="180" count="1" type="stmt"/>
      <line num="181" count="4" type="stmt"/>
      <line num="182" count="4" type="stmt"/>
      <line num="183" count="4" type="stmt"/>
      <line num="185" count="4" type="cond" truecount="1" falsecount="0"/>
      <line num="186" count="1" type="stmt"/>
      <line num="188" count="3" type="stmt"/>
      <line num="189" count="3" type="cond" truecount="1" falsecount="0"/>
      <line num="190" count="1" type="stmt"/>
      <line num="192" count="2" type="stmt"/>
      <line num="197" count="1" type="stmt"/>
      <line num="203" count="1" type="stmt"/>
      <line num="205" count="1" type="stmt"/>
      <line num="206" count="1" type="stmt"/>
    </file>
    <file name="user.controllers.ts" path="C:\Users\mathi\Documents\B3_Ynov_2025-2026\Developpement API\fil-rouge\src\controllers\user.controllers.ts">
      <metrics statements="77" coveredstatements="63" conditionals="22" coveredconditionals="15" methods="8" coveredmethods="8"/>
      <line num="2" count="1" type="stmt"/>
      <line num="4" count="1" type="stmt"/>
      <line num="6" count="1" type="stmt"/>
      <line num="7" count="2" type="stmt"/>
      <line num="8" count="2" type="stmt"/>
      <line num="9" count="2" type="stmt"/>
      <line num="11" count="2" type="stmt"/>
      <line num="13" count="2" type="cond" truecount="1" falsecount="0"/>
      <line num="14" count="1" type="stmt"/>
      <line num="17" count="1" type="stmt"/>
      <line num="29" count="0" type="stmt"/>
      <line num="30" count="0" type="stmt"/>
      <line num="34" count="1" type="stmt"/>
      <line num="35" count="2" type="stmt"/>
      <line num="36" count="2" type="stmt"/>
      <line num="37" count="2" type="stmt"/>
      <line num="39" count="2" type="stmt"/>
      <line num="41" count="2" type="cond" truecount="1" falsecount="0"/>
      <line num="42" count="1" type="stmt"/>
      <line num="45" count="1" type="stmt"/>
      <line num="56" count="0" type="stmt"/>
      <line num="57" count="0" type="stmt"/>
      <line num="61" count="1" type="stmt"/>
      <line num="62" count="1" type="stmt"/>
      <line num="63" count="1" type="stmt"/>
      <line num="66" count="1" type="cond" truecount="1" falsecount="1"/>
      <line num="67" count="1" type="cond" truecount="1" falsecount="1"/>
      <line num="68" count="1" type="stmt"/>
      <line num="70" count="1" type="stmt"/>
      <line num="75" count="1" type="stmt"/>
      <line num="76" count="1" type="cond" truecount="1" falsecount="1"/>
      <line num="78" count="1" type="stmt"/>
      <line num="86" count="0" type="stmt"/>
      <line num="87" count="0" type="stmt"/>
      <line num="91" count="1" type="stmt"/>
      <line num="92" count="3" type="stmt"/>
      <line num="93" count="3" type="stmt"/>
      <line num="94" count="3" type="cond" truecount="0" falsecount="1"/>
      <line num="95" count="0" type="stmt"/>
      <line num="98" count="3" type="stmt"/>
      <line num="99" count="3" type="stmt"/>
      <line num="101" count="3" type="stmt"/>
      <line num="102" count="4" type="cond" truecount="2" falsecount="0"/>
      <line num="104" count="3" type="cond" truecount="1" falsecount="0"/>
      <line num="105" count="1" type="stmt"/>
      <line num="108" count="3" type="stmt"/>
      <line num="109" count="3" type="stmt"/>
      <line num="110" count="2" type="stmt"/>
      <line num="112" count="2" type="stmt"/>
      <line num="117" count="2" type="cond" truecount="1" falsecount="0"/>
      <line num="118" count="1" type="stmt"/>
      <line num="121" count="1" type="stmt"/>
      <line num="122" count="1" type="cond" truecount="0" falsecount="1"/>
      <line num="123" count="0" type="stmt"/>
      <line num="126" count="1" type="stmt"/>
      <line num="138" count="0" type="stmt"/>
      <line num="139" count="0" type="stmt"/>
      <line num="143" count="1" type="stmt"/>
      <line num="144" count="3" type="stmt"/>
      <line num="145" count="3" type="stmt"/>
      <line num="146" count="3" type="stmt"/>
      <line num="148" count="3" type="cond" truecount="0" falsecount="1"/>
      <line num="149" count="0" type="stmt"/>
      <line num="152" count="3" type="stmt"/>
      <line num="153" count="3" type="stmt"/>
      <line num="158" count="3" type="cond" truecount="1" falsecount="0"/>
      <line num="159" count="1" type="stmt"/>
      <line num="162" count="2" type="stmt"/>
      <line num="164" count="2" type="stmt"/>
      <line num="165" count="2" type="cond" truecount="1" falsecount="0"/>
      <line num="166" count="1" type="stmt"/>
      <line num="169" count="1" type="stmt"/>
      <line num="171" count="1" type="cond" truecount="4" falsecount="1"/>
      <line num="172" count="1" type="stmt"/>
      <line num="176" count="0" type="stmt"/>
      <line num="179" count="0" type="stmt"/>
      <line num="180" count="0" type="stmt"/>
    </file>
  </project>
</coverage>
