{"C:\\Users\\mathi\\Documents\\B3_Ynov_2025-2026\\Developpement API\\fil-rouge\\src\\app.ts": {"path":"C:\\Users\\mathi\\Documents\\B3_Ynov_2025-2026\\Developpement API\\fil-rouge\\src\\app.ts","statementMap":{"0":{"start":{"line":1,"column":0},"end":{"line":1,"column":30}},"1":{"start":{"line":2,"column":0},"end":{"line":2,"column":24}},"2":{"start":{"line":3,"column":0},"end":{"line":3,"column":28}},"3":{"start":{"line":4,"column":0},"end":{"line":4,"column":46}},"4":{"start":{"line":5,"column":0},"end":{"line":5,"column":46}},"5":{"start":{"line":6,"column":0},"end":{"line":6,"column":48}},"6":{"start":{"line":7,"column":0},"end":{"line":7,"column":43}},"7":{"start":{"line":8,"column":0},"end":{"line":8,"column":50}},"8":{"start":{"line":9,"column":0},"end":{"line":9,"column":45}},"9":{"start":{"line":11,"column":0},"end":{"line":11,"column":16}},"10":{"start":{"line":13,"column":12},"end":{"line":13,"column":21}},"11":{"start":{"line":15,"column":0},"end":{"line":15,"column":16}},"12":{"start":{"line":16,"column":0},"end":{"line":16,"column":24}},"13":{"start":{"line":18,"column":0},"end":{"line":18,"column":29}},"14":{"start":{"line":19,"column":0},"end":{"line":19,"column":29}},"15":{"start":{"line":20,"column":0},"end":{"line":20,"column":31}},"16":{"start":{"line":21,"column":0},"end":{"line":21,"column":33}},"17":{"start":{"line":23,"column":0},"end":{"line":23,"column":68}},"18":{"start":{"line":25,"column":0},"end":{"line":25,"column":19}}},"fnMap":{},"branchMap":{},"s":{"0":1,"1":1,"2":1,"3":1,"4":1,"5":1,"6":1,"7":1,"8":1,"9":1,"10":1,"11":1,"12":1,"13":1,"14":1,"15":1,"16":1,"17":1,"18":1},"f":{},"b":{}}
,"C:\\Users\\mathi\\Documents\\B3_Ynov_2025-2026\\Developpement API\\fil-rouge\\src\\config\\config.ts": {"path":"C:\\Users\\mathi\\Documents\\B3_Ynov_2025-2026\\Developpement API\\fil-rouge\\src\\config\\config.ts","statementMap":{"0":{"start":{"line":1,"column":0},"end":{"line":1,"column":30}},"1":{"start":{"line":2,"column":0},"end":{"line":2,"column":30}},"2":{"start":{"line":3,"column":0},"end":{"line":3,"column":24}},"3":{"start":{"line":6,"column":15},"end":{"line":6,"column":52}},"4":{"start":{"line":8,"column":18},"end":{"line":11,"column":2}},"5":{"start":{"line":13,"column":21},"end":{"line":16,"column":1}},"6":{"start":{"line":14,"column":13},"end":{"line":14,"column":28}},"7":{"start":{"line":15,"column":2},"end":{"line":15,"column":29}},"8":{"start":{"line":13,"column":13},"end":{"line":13,"column":21}},"9":{"start":{"line":18,"column":19},"end":{"line":21,"column":1}},"10":{"start":{"line":19,"column":13},"end":{"line":19,"column":28}},"11":{"start":{"line":20,"column":2},"end":{"line":20,"column":29}},"12":{"start":{"line":18,"column":13},"end":{"line":18,"column":19}},"13":{"start":{"line":23,"column":0},"end":{"line":23,"column":25}}},"fnMap":{"0":{"name":"(anonymous_1)","decl":{"start":{"line":13,"column":21},"end":{"line":13,"column":26}},"loc":{"start":{"line":13,"column":63},"end":{"line":16,"column":1}}},"1":{"name":"(anonymous_2)","decl":{"start":{"line":18,"column":19},"end":{"line":18,"column":24}},"loc":{"start":{"line":18,"column":61},"end":{"line":21,"column":1}}}},"branchMap":{"0":{"loc":{"start":{"line":13,"column":41},"end":{"line":13,"column":59}},"type":"default-arg","locations":[{"start":{"line":13,"column":57},"end":{"line":13,"column":59}}]},"1":{"loc":{"start":{"line":18,"column":39},"end":{"line":18,"column":57}},"type":"default-arg","locations":[{"start":{"line":18,"column":55},"end":{"line":18,"column":57}}]}},"s":{"0":1,"1":1,"2":1,"3":1,"4":1,"5":1,"6":0,"7":0,"8":1,"9":1,"10":0,"11":0,"12":1,"13":1},"f":{"0":0,"1":0},"b":{"0":[0],"1":[0]}}
,"C:\\Users\\mathi\\Documents\\B3_Ynov_2025-2026\\Developpement API\\fil-rouge\\src\\controllers\\admin.controllers.ts": {"path":"C:\\Users\\mathi\\Documents\\B3_Ynov_2025-2026\\Developpement API\\fil-rouge\\src\\controllers\\admin.controllers.ts","statementMap":{"0":{"start":{"line":2,"column":0},"end":{"line":2,"column":41}},"1":{"start":{"line":4,"column":23},"end":{"line":21,"column":1}},"2":{"start":{"line":5,"column":2},"end":{"line":20,"column":3}},"3":{"start":{"line":6,"column":32},"end":{"line":6,"column":42}},"4":{"start":{"line":7,"column":15},"end":{"line":7,"column":30}},"5":{"start":{"line":9,"column":19},"end":{"line":9,"column":83}},"6":{"start":{"line":10,"column":4},"end":{"line":10,"column":83}},"7":{"start":{"line":10,"column":17},"end":{"line":10,"column":83}},"8":{"start":{"line":12,"column":4},"end":{"line":12,"column":79}},"9":{"start":{"line":14,"column":4},"end":{"line":14,"column":80}},"10":{"start":{"line":16,"column":4},"end":{"line":16,"column":75}},"11":{"start":{"line":18,"column":4},"end":{"line":18,"column":43}},"12":{"start":{"line":19,"column":4},"end":{"line":19,"column":54}},"13":{"start":{"line":4,"column":13},"end":{"line":4,"column":23}},"14":{"start":{"line":23,"column":25},"end":{"line":38,"column":1}},"15":{"start":{"line":24,"column":2},"end":{"line":37,"column":3}},"16":{"start":{"line":25,"column":27},"end":{"line":25,"column":37}},"17":{"start":{"line":26,"column":15},"end":{"line":26,"column":30}},"18":{"start":{"line":28,"column":19},"end":{"line":28,"column":78}},"19":{"start":{"line":29,"column":4},"end":{"line":29,"column":83}},"20":{"start":{"line":29,"column":17},"end":{"line":29,"column":83}},"21":{"start":{"line":31,"column":4},"end":{"line":31,"column":74}},"22":{"start":{"line":33,"column":4},"end":{"line":33,"column":72}},"23":{"start":{"line":35,"column":4},"end":{"line":35,"column":45}},"24":{"start":{"line":36,"column":4},"end":{"line":36,"column":54}},"25":{"start":{"line":23,"column":13},"end":{"line":23,"column":25}}},"fnMap":{"0":{"name":"(anonymous_1)","decl":{"start":{"line":4,"column":23},"end":{"line":4,"column":28}},"loc":{"start":{"line":4,"column":61},"end":{"line":21,"column":1}}},"1":{"name":"(anonymous_2)","decl":{"start":{"line":23,"column":25},"end":{"line":23,"column":30}},"loc":{"start":{"line":23,"column":63},"end":{"line":38,"column":1}}}},"branchMap":{"0":{"loc":{"start":{"line":10,"column":4},"end":{"line":10,"column":83}},"type":"if","locations":[{"start":{"line":10,"column":4},"end":{"line":10,"column":83}},{"start":{},"end":{}}]},"1":{"loc":{"start":{"line":29,"column":4},"end":{"line":29,"column":83}},"type":"if","locations":[{"start":{"line":29,"column":4},"end":{"line":29,"column":83}},{"start":{},"end":{}}]}},"s":{"0":1,"1":1,"2":0,"3":0,"4":0,"5":0,"6":0,"7":0,"8":0,"9":0,"10":0,"11":0,"12":0,"13":1,"14":1,"15":0,"16":0,"17":0,"18":0,"19":0,"20":0,"21":0,"22":0,"23":0,"24":0,"25":1},"f":{"0":0,"1":0},"b":{"0":[0,0],"1":[0,0]}}
,"C:\\Users\\mathi\\Documents\\B3_Ynov_2025-2026\\Developpement API\\fil-rouge\\src\\controllers\\auth.controllers.ts": {"path":"C:\\Users\\mathi\\Documents\\B3_Ynov_2025-2026\\Developpement API\\fil-rouge\\src\\controllers\\auth.controllers.ts","statementMap":{"0":{"start":{"line":2,"column":0},"end":{"line":2,"column":28}},"1":{"start":{"line":3,"column":0},"end":{"line":3,"column":31}},"2":{"start":{"line":4,"column":0},"end":{"line":4,"column":41}},"3":{"start":{"line":6,"column":24},"end":{"line":91,"column":1}},"4":{"start":{"line":7,"column":2},"end":{"line":90,"column":3}},"5":{"start":{"line":8,"column":42},"end":{"line":8,"column":50}},"6":{"start":{"line":10,"column":4},"end":{"line":12,"column":5}},"7":{"start":{"line":11,"column":6},"end":{"line":11,"column":65}},"8":{"start":{"line":15,"column":26},"end":{"line":15,"column":76}},"9":{"start":{"line":17,"column":4},"end":{"line":22,"column":5}},"10":{"start":{"line":18,"column":6},"end":{"line":21,"column":9}},"11":{"start":{"line":24,"column":15},"end":{"line":24,"column":30}},"12":{"start":{"line":26,"column":25},"end":{"line":28,"column":null}},"13":{"start":{"line":31,"column":4},"end":{"line":33,"column":5}},"14":{"start":{"line":32,"column":6},"end":{"line":32,"column":76}},"15":{"start":{"line":35,"column":19},"end":{"line":35,"column":50}},"16":{"start":{"line":37,"column":19},"end":{"line":39,"column":null}},"17":{"start":{"line":42,"column":4},"end":{"line":44,"column":5}},"18":{"start":{"line":43,"column":6},"end":{"line":43,"column":85}},"19":{"start":{"line":46,"column":17},"end":{"line":48,"column":null}},"20":{"start":{"line":51,"column":4},"end":{"line":53,"column":5}},"21":{"start":{"line":52,"column":6},"end":{"line":52,"column":89}},"22":{"start":{"line":55,"column":24},"end":{"line":58,"column":null}},"23":{"start":{"line":61,"column":25},"end":{"line":64,"column":null}},"24":{"start":{"line":67,"column":22},"end":{"line":67,"column":68}},"25":{"start":{"line":69,"column":4},"end":{"line":72,"column":6}},"26":{"start":{"line":74,"column":4},"end":{"line":78,"column":7}},"27":{"start":{"line":80,"column":4},"end":{"line":80,"column":52}},"28":{"start":{"line":83,"column":4},"end":{"line":87,"column":5}},"29":{"start":{"line":84,"column":6},"end":{"line":86,"column":9}},"30":{"start":{"line":89,"column":4},"end":{"line":89,"column":59}},"31":{"start":{"line":6,"column":13},"end":{"line":6,"column":24}},"32":{"start":{"line":93,"column":21},"end":{"line":140,"column":1}},"33":{"start":{"line":94,"column":2},"end":{"line":139,"column":3}},"34":{"start":{"line":95,"column":32},"end":{"line":95,"column":40}},"35":{"start":{"line":96,"column":15},"end":{"line":96,"column":30}},"36":{"start":{"line":98,"column":4},"end":{"line":100,"column":5}},"37":{"start":{"line":99,"column":6},"end":{"line":99,"column":65}},"38":{"start":{"line":102,"column":17},"end":{"line":102,"column":77}},"39":{"start":{"line":103,"column":4},"end":{"line":104,"column":72}},"40":{"start":{"line":104,"column":6},"end":{"line":104,"column":72}},"41":{"start":{"line":106,"column":4},"end":{"line":108,"column":5}},"42":{"start":{"line":107,"column":6},"end":{"line":107,"column":64}},"43":{"start":{"line":110,"column":18},"end":{"line":110,"column":63}},"44":{"start":{"line":111,"column":4},"end":{"line":112,"column":72}},"45":{"start":{"line":112,"column":6},"end":{"line":112,"column":72}},"46":{"start":{"line":114,"column":24},"end":{"line":117,"column":null}},"47":{"start":{"line":120,"column":25},"end":{"line":123,"column":null}},"48":{"start":{"line":127,"column":22},"end":{"line":127,"column":68}},"49":{"start":{"line":128,"column":4},"end":{"line":131,"column":6}},"50":{"start":{"line":133,"column":4},"end":{"line":135,"column":7}},"51":{"start":{"line":137,"column":4},"end":{"line":137,"column":25}},"52":{"start":{"line":138,"column":4},"end":{"line":138,"column":52}},"53":{"start":{"line":93,"column":13},"end":{"line":93,"column":21}},"54":{"start":{"line":142,"column":22},"end":{"line":178,"column":1}},"55":{"start":{"line":143,"column":2},"end":{"line":177,"column":3}},"56":{"start":{"line":144,"column":32},"end":{"line":144,"column":40}},"57":{"start":{"line":145,"column":15},"end":{"line":145,"column":30}},"58":{"start":{"line":147,"column":4},"end":{"line":149,"column":5}},"59":{"start":{"line":148,"column":6},"end":{"line":148,"column":77}},"60":{"start":{"line":151,"column":17},"end":{"line":153,"column":null}},"61":{"start":{"line":156,"column":4},"end":{"line":158,"column":5}},"62":{"start":{"line":157,"column":6},"end":{"line":157,"column":72}},"63":{"start":{"line":160,"column":28},"end":{"line":160,"column":73}},"64":{"start":{"line":161,"column":4},"end":{"line":163,"column":5}},"65":{"start":{"line":162,"column":6},"end":{"line":162,"column":71}},"66":{"start":{"line":165,"column":19},"end":{"line":165,"column":90}},"67":{"start":{"line":167,"column":4},"end":{"line":171,"column":5}},"68":{"start":{"line":168,"column":6},"end":{"line":170,"column":9}},"69":{"start":{"line":173,"column":4},"end":{"line":173,"column":98}},"70":{"start":{"line":175,"column":4},"end":{"line":175,"column":52}},"71":{"start":{"line":176,"column":4},"end":{"line":176,"column":65}},"72":{"start":{"line":142,"column":13},"end":{"line":142,"column":22}},"73":{"start":{"line":180,"column":28},"end":{"line":208,"column":1}},"74":{"start":{"line":181,"column":2},"end":{"line":207,"column":3}},"75":{"start":{"line":182,"column":29},"end":{"line":182,"column":37}},"76":{"start":{"line":183,"column":15},"end":{"line":183,"column":30}},"77":{"start":{"line":185,"column":4},"end":{"line":186,"column":75}},"78":{"start":{"line":186,"column":6},"end":{"line":186,"column":75}},"79":{"start":{"line":188,"column":19},"end":{"line":188,"column":95}},"80":{"start":{"line":189,"column":4},"end":{"line":190,"column":71}},"81":{"start":{"line":190,"column":6},"end":{"line":190,"column":71}},"82":{"start":{"line":192,"column":20},"end":{"line":194,"column":null}},"83":{"start":{"line":197,"column":27},"end":{"line":200,"column":null}},"84":{"start":{"line":203,"column":4},"end":{"line":203,"column":58}},"85":{"start":{"line":205,"column":4},"end":{"line":205,"column":25}},"86":{"start":{"line":206,"column":4},"end":{"line":206,"column":72}},"87":{"start":{"line":180,"column":13},"end":{"line":180,"column":28}}},"fnMap":{"0":{"name":"(anonymous_1)","decl":{"start":{"line":6,"column":24},"end":{"line":6,"column":29}},"loc":{"start":{"line":6,"column":62},"end":{"line":91,"column":1}}},"1":{"name":"(anonymous_2)","decl":{"start":{"line":93,"column":21},"end":{"line":93,"column":26}},"loc":{"start":{"line":93,"column":59},"end":{"line":140,"column":1}}},"2":{"name":"(anonymous_3)","decl":{"start":{"line":142,"column":22},"end":{"line":142,"column":27}},"loc":{"start":{"line":142,"column":60},"end":{"line":178,"column":1}}},"3":{"name":"(anonymous_4)","decl":{"start":{"line":180,"column":28},"end":{"line":180,"column":33}},"loc":{"start":{"line":180,"column":66},"end":{"line":208,"column":1}}}},"branchMap":{"0":{"loc":{"start":{"line":10,"column":4},"end":{"line":12,"column":5}},"type":"if","locations":[{"start":{"line":10,"column":4},"end":{"line":12,"column":5}},{"start":{},"end":{}}]},"1":{"loc":{"start":{"line":10,"column":8},"end":{"line":10,"column":40}},"type":"binary-expr","locations":[{"start":{"line":10,"column":8},"end":{"line":10,"column":17}},{"start":{"line":10,"column":21},"end":{"line":10,"column":27}},{"start":{"line":10,"column":31},"end":{"line":10,"column":40}}]},"2":{"loc":{"start":{"line":17,"column":4},"end":{"line":22,"column":5}},"type":"if","locations":[{"start":{"line":17,"column":4},"end":{"line":22,"column":5}},{"start":{},"end":{}}]},"3":{"loc":{"start":{"line":31,"column":4},"end":{"line":33,"column":5}},"type":"if","locations":[{"start":{"line":31,"column":4},"end":{"line":33,"column":5}},{"start":{},"end":{}}]},"4":{"loc":{"start":{"line":42,"column":4},"end":{"line":44,"column":5}},"type":"if","locations":[{"start":{"line":42,"column":4},"end":{"line":44,"column":5}},{"start":{},"end":{}}]},"5":{"loc":{"start":{"line":42,"column":8},"end":{"line":42,"column":33}},"type":"binary-expr","locations":[{"start":{"line":42,"column":8},"end":{"line":42,"column":15}},{"start":{"line":42,"column":19},"end":{"line":42,"column":33}}]},"6":{"loc":{"start":{"line":51,"column":4},"end":{"line":53,"column":5}},"type":"if","locations":[{"start":{"line":51,"column":4},"end":{"line":53,"column":5}},{"start":{},"end":{}}]},"7":{"loc":{"start":{"line":83,"column":4},"end":{"line":87,"column":5}},"type":"if","locations":[{"start":{"line":83,"column":4},"end":{"line":87,"column":5}},{"start":{},"end":{}}]},"8":{"loc":{"start":{"line":98,"column":4},"end":{"line":100,"column":5}},"type":"if","locations":[{"start":{"line":98,"column":4},"end":{"line":100,"column":5}},{"start":{},"end":{}}]},"9":{"loc":{"start":{"line":98,"column":8},"end":{"line":98,"column":27}},"type":"binary-expr","locations":[{"start":{"line":98,"column":8},"end":{"line":98,"column":14}},{"start":{"line":98,"column":18},"end":{"line":98,"column":27}}]},"10":{"loc":{"start":{"line":103,"column":4},"end":{"line":104,"column":72}},"type":"if","locations":[{"start":{"line":103,"column":4},"end":{"line":104,"column":72}},{"start":{},"end":{}}]},"11":{"loc":{"start":{"line":106,"column":4},"end":{"line":108,"column":5}},"type":"if","locations":[{"start":{"line":106,"column":4},"end":{"line":108,"column":5}},{"start":{},"end":{}}]},"12":{"loc":{"start":{"line":111,"column":4},"end":{"line":112,"column":72}},"type":"if","locations":[{"start":{"line":111,"column":4},"end":{"line":112,"column":72}},{"start":{},"end":{}}]},"13":{"loc":{"start":{"line":147,"column":4},"end":{"line":149,"column":5}},"type":"if","locations":[{"start":{"line":147,"column":4},"end":{"line":149,"column":5}},{"start":{},"end":{}}]},"14":{"loc":{"start":{"line":147,"column":8},"end":{"line":147,"column":27}},"type":"binary-expr","locations":[{"start":{"line":147,"column":8},"end":{"line":147,"column":14}},{"start":{"line":147,"column":18},"end":{"line":147,"column":27}}]},"15":{"loc":{"start":{"line":156,"column":4},"end":{"line":158,"column":5}},"type":"if","locations":[{"start":{"line":156,"column":4},"end":{"line":158,"column":5}},{"start":{},"end":{}}]},"16":{"loc":{"start":{"line":161,"column":4},"end":{"line":163,"column":5}},"type":"if","locations":[{"start":{"line":161,"column":4},"end":{"line":163,"column":5}},{"start":{},"end":{}}]},"17":{"loc":{"start":{"line":167,"column":4},"end":{"line":171,"column":5}},"type":"if","locations":[{"start":{"line":167,"column":4},"end":{"line":171,"column":5}},{"start":{},"end":{}}]},"18":{"loc":{"start":{"line":185,"column":4},"end":{"line":186,"column":75}},"type":"if","locations":[{"start":{"line":185,"column":4},"end":{"line":186,"column":75}},{"start":{},"end":{}}]},"19":{"loc":{"start":{"line":189,"column":4},"end":{"line":190,"column":71}},"type":"if","locations":[{"start":{"line":189,"column":4},"end":{"line":190,"column":71}},{"start":{},"end":{}}]}},"s":{"0":1,"1":1,"2":1,"3":1,"4":0,"5":0,"6":0,"7":0,"8":0,"9":0,"10":0,"11":0,"12":0,"13":0,"14":0,"15":0,"16":0,"17":0,"18":0,"19":0,"20":0,"21":0,"22":0,"23":0,"24":0,"25":0,"26":0,"27":0,"28":0,"29":0,"30":0,"31":1,"32":1,"33":0,"34":0,"35":0,"36":0,"37":0,"38":0,"39":0,"40":0,"41":0,"42":0,"43":0,"44":0,"45":0,"46":0,"47":0,"48":0,"49":0,"50":0,"51":0,"52":0,"53":1,"54":1,"55":0,"56":0,"57":0,"58":0,"59":0,"60":0,"61":0,"62":0,"63":0,"64":0,"65":0,"66":0,"67":0,"68":0,"69":0,"70":0,"71":0,"72":1,"73":1,"74":0,"75":0,"76":0,"77":0,"78":0,"79":0,"80":0,"81":0,"82":0,"83":0,"84":0,"85":0,"86":0,"87":1},"f":{"0":0,"1":0,"2":0,"3":0},"b":{"0":[0,0],"1":[0,0,0],"2":[0,0],"3":[0,0],"4":[0,0],"5":[0,0],"6":[0,0],"7":[0,0],"8":[0,0],"9":[0,0],"10":[0,0],"11":[0,0],"12":[0,0],"13":[0,0],"14":[0,0],"15":[0,0],"16":[0,0],"17":[0,0],"18":[0,0],"19":[0,0]}}
,"C:\\Users\\mathi\\Documents\\B3_Ynov_2025-2026\\Developpement API\\fil-rouge\\src\\controllers\\sports.controllers.ts": {"path":"C:\\Users\\mathi\\Documents\\B3_Ynov_2025-2026\\Developpement API\\fil-rouge\\src\\controllers\\sports.controllers.ts","statementMap":{"0":{"start":{"line":4,"column":0},"end":{"line":4,"column":7}},"1":{"start":{"line":13,"column":0},"end":{"line":13,"column":7}},"2":{"start":{"line":23,"column":0},"end":{"line":23,"column":7}},"3":{"start":{"line":2,"column":0},"end":{"line":2,"column":85}},"4":{"start":{"line":5,"column":2},"end":{"line":10,"column":3}},"5":{"start":{"line":6,"column":17},"end":{"line":6,"column":35}},"6":{"start":{"line":7,"column":4},"end":{"line":7,"column":19}},"7":{"start":{"line":9,"column":4},"end":{"line":9,"column":62}},"8":{"start":{"line":14,"column":2},"end":{"line":20,"column":3}},"9":{"start":{"line":15,"column":19},"end":{"line":15,"column":29}},"10":{"start":{"line":16,"column":17},"end":{"line":16,"column":36}},"11":{"start":{"line":17,"column":4},"end":{"line":17,"column":19}},"12":{"start":{"line":19,"column":4},"end":{"line":19,"column":62}},"13":{"start":{"line":24,"column":2},"end":{"line":30,"column":3}},"14":{"start":{"line":25,"column":23},"end":{"line":25,"column":33}},"15":{"start":{"line":26,"column":17},"end":{"line":26,"column":47}},"16":{"start":{"line":27,"column":4},"end":{"line":27,"column":19}},"17":{"start":{"line":29,"column":4},"end":{"line":29,"column":62}}},"fnMap":{"0":{"name":"fetchLeagues","decl":{"start":{"line":4,"column":22},"end":{"line":4,"column":34}},"loc":{"start":{"line":4,"column":62},"end":{"line":11,"column":1}}},"1":{"name":"fetchLeague","decl":{"start":{"line":13,"column":22},"end":{"line":13,"column":33}},"loc":{"start":{"line":13,"column":61},"end":{"line":21,"column":1}}},"2":{"name":"fetchTeams","decl":{"start":{"line":23,"column":22},"end":{"line":23,"column":32}},"loc":{"start":{"line":23,"column":60},"end":{"line":31,"column":1}}}},"branchMap":{},"s":{"0":1,"1":1,"2":1,"3":1,"4":0,"5":0,"6":0,"7":0,"8":0,"9":0,"10":0,"11":0,"12":0,"13":0,"14":0,"15":0,"16":0,"17":0},"f":{"0":0,"1":0,"2":0},"b":{}}
,"C:\\Users\\mathi\\Documents\\B3_Ynov_2025-2026\\Developpement API\\fil-rouge\\src\\controllers\\user.controllers.ts": {"path":"C:\\Users\\mathi\\Documents\\B3_Ynov_2025-2026\\Developpement API\\fil-rouge\\src\\controllers\\user.controllers.ts","statementMap":{"0":{"start":{"line":2,"column":0},"end":{"line":2,"column":41}},"1":{"start":{"line":4,"column":0},"end":{"line":4,"column":28}},"2":{"start":{"line":6,"column":27},"end":{"line":32,"column":1}},"3":{"start":{"line":7,"column":2},"end":{"line":31,"column":3}},"4":{"start":{"line":8,"column":19},"end":{"line":8,"column":27}},"5":{"start":{"line":9,"column":15},"end":{"line":9,"column":30}},"6":{"start":{"line":11,"column":17},"end":{"line":11,"column":77}},"7":{"start":{"line":13,"column":4},"end":{"line":15,"column":5}},"8":{"start":{"line":14,"column":6},"end":{"line":14,"column":72}},"9":{"start":{"line":17,"column":4},"end":{"line":27,"column":7}},"10":{"start":{"line":29,"column":4},"end":{"line":29,"column":25}},"11":{"start":{"line":30,"column":4},"end":{"line":30,"column":54}},"12":{"start":{"line":6,"column":13},"end":{"line":6,"column":27}},"13":{"start":{"line":34,"column":33},"end":{"line":59,"column":1}},"14":{"start":{"line":35,"column":2},"end":{"line":58,"column":3}},"15":{"start":{"line":36,"column":19},"end":{"line":36,"column":29}},"16":{"start":{"line":37,"column":15},"end":{"line":37,"column":30}},"17":{"start":{"line":39,"column":17},"end":{"line":39,"column":77}},"18":{"start":{"line":41,"column":4},"end":{"line":43,"column":5}},"19":{"start":{"line":42,"column":6},"end":{"line":42,"column":72}},"20":{"start":{"line":45,"column":4},"end":{"line":54,"column":7}},"21":{"start":{"line":56,"column":4},"end":{"line":56,"column":25}},"22":{"start":{"line":57,"column":4},"end":{"line":57,"column":54}},"23":{"start":{"line":34,"column":13},"end":{"line":34,"column":33}},"24":{"start":{"line":61,"column":27},"end":{"line":89,"column":1}},"25":{"start":{"line":62,"column":2},"end":{"line":88,"column":3}},"26":{"start":{"line":63,"column":15},"end":{"line":63,"column":30}},"27":{"start":{"line":66,"column":17},"end":{"line":66,"column":56}},"28":{"start":{"line":67,"column":18},"end":{"line":67,"column":58}},"29":{"start":{"line":68,"column":19},"end":{"line":68,"column":37}},"30":{"start":{"line":70,"column":18},"end":{"line":72,"column":null}},"31":{"start":{"line":75,"column":24},"end":{"line":75,"column":94}},"32":{"start":{"line":76,"column":18},"end":{"line":76,"column":41}},"33":{"start":{"line":78,"column":4},"end":{"line":84,"column":7}},"34":{"start":{"line":86,"column":4},"end":{"line":86,"column":53}},"35":{"start":{"line":87,"column":4},"end":{"line":87,"column":54}},"36":{"start":{"line":61,"column":13},"end":{"line":61,"column":27}},"37":{"start":{"line":91,"column":26},"end":{"line":141,"column":1}},"38":{"start":{"line":92,"column":2},"end":{"line":140,"column":3}},"39":{"start":{"line":93,"column":19},"end":{"line":93,"column":27}},"40":{"start":{"line":94,"column":4},"end":{"line":96,"column":5}},"41":{"start":{"line":95,"column":6},"end":{"line":95,"column":76}},"42":{"start":{"line":98,"column":15},"end":{"line":98,"column":30}},"43":{"start":{"line":99,"column":26},"end":{"line":99,"column":72}},"44":{"start":{"line":101,"column":20},"end":{"line":102,"column":83}},"45":{"start":{"line":102,"column":32},"end":{"line":102,"column":82}},"46":{"start":{"line":104,"column":4},"end":{"line":106,"column":5}},"47":{"start":{"line":105,"column":6},"end":{"line":105,"column":78}},"48":{"start":{"line":108,"column":19},"end":{"line":108,"column":66}},"49":{"start":{"line":108,"column":42},"end":{"line":108,"column":54}},"50":{"start":{"line":109,"column":19},"end":{"line":109,"column":53}},"51":{"start":{"line":109,"column":47},"end":{"line":109,"column":52}},"52":{"start":{"line":110,"column":4},"end":{"line":110,"column":20}},"53":{"start":{"line":112,"column":19},"end":{"line":114,"column":null}},"54":{"start":{"line":117,"column":4},"end":{"line":119,"column":5}},"55":{"start":{"line":118,"column":6},"end":{"line":118,"column":84}},"56":{"start":{"line":121,"column":24},"end":{"line":121,"column":84}},"57":{"start":{"line":122,"column":4},"end":{"line":124,"column":5}},"58":{"start":{"line":123,"column":6},"end":{"line":123,"column":90}},"59":{"start":{"line":126,"column":4},"end":{"line":136,"column":7}},"60":{"start":{"line":138,"column":4},"end":{"line":138,"column":52}},"61":{"start":{"line":139,"column":4},"end":{"line":139,"column":54}},"62":{"start":{"line":91,"column":13},"end":{"line":91,"column":26}},"63":{"start":{"line":143,"column":26},"end":{"line":182,"column":1}},"64":{"start":{"line":144,"column":2},"end":{"line":181,"column":3}},"65":{"start":{"line":145,"column":19},"end":{"line":145,"column":27}},"66":{"start":{"line":146,"column":29},"end":{"line":146,"column":37}},"67":{"start":{"line":148,"column":4},"end":{"line":150,"column":5}},"68":{"start":{"line":149,"column":6},"end":{"line":149,"column":71}},"69":{"start":{"line":152,"column":15},"end":{"line":152,"column":30}},"70":{"start":{"line":153,"column":17},"end":{"line":155,"column":null}},"71":{"start":{"line":158,"column":4},"end":{"line":160,"column":5}},"72":{"start":{"line":159,"column":6},"end":{"line":159,"column":75}},"73":{"start":{"line":162,"column":35},"end":{"line":162,"column":39}},"74":{"start":{"line":164,"column":18},"end":{"line":164,"column":62}},"75":{"start":{"line":165,"column":4},"end":{"line":167,"column":5}},"76":{"start":{"line":166,"column":6},"end":{"line":166,"column":74}},"77":{"start":{"line":169,"column":19},"end":{"line":169,"column":69}},"78":{"start":{"line":171,"column":4},"end":{"line":177,"column":5}},"79":{"start":{"line":172,"column":6},"end":{"line":174,"column":9}},"80":{"start":{"line":176,"column":6},"end":{"line":176,"column":75}},"81":{"start":{"line":179,"column":4},"end":{"line":179,"column":25}},"82":{"start":{"line":180,"column":4},"end":{"line":180,"column":66}},"83":{"start":{"line":143,"column":13},"end":{"line":143,"column":26}}},"fnMap":{"0":{"name":"(anonymous_1)","decl":{"start":{"line":6,"column":27},"end":{"line":6,"column":32}},"loc":{"start":{"line":6,"column":61},"end":{"line":32,"column":1}}},"1":{"name":"(anonymous_2)","decl":{"start":{"line":34,"column":33},"end":{"line":34,"column":38}},"loc":{"start":{"line":34,"column":71},"end":{"line":59,"column":1}}},"2":{"name":"(anonymous_3)","decl":{"start":{"line":61,"column":27},"end":{"line":61,"column":32}},"loc":{"start":{"line":61,"column":65},"end":{"line":89,"column":1}}},"3":{"name":"(anonymous_4)","decl":{"start":{"line":91,"column":26},"end":{"line":91,"column":31}},"loc":{"start":{"line":91,"column":60},"end":{"line":141,"column":1}}},"4":{"name":"(anonymous_5)","decl":{"start":{"line":102,"column":14},"end":{"line":102,"column":15}},"loc":{"start":{"line":102,"column":32},"end":{"line":102,"column":82}}},"5":{"name":"(anonymous_6)","decl":{"start":{"line":108,"column":31},"end":{"line":108,"column":32}},"loc":{"start":{"line":108,"column":42},"end":{"line":108,"column":54}}},"6":{"name":"(anonymous_7)","decl":{"start":{"line":109,"column":31},"end":{"line":109,"column":32}},"loc":{"start":{"line":109,"column":47},"end":{"line":109,"column":52}}},"7":{"name":"(anonymous_8)","decl":{"start":{"line":143,"column":26},"end":{"line":143,"column":31}},"loc":{"start":{"line":143,"column":60},"end":{"line":182,"column":1}}}},"branchMap":{"0":{"loc":{"start":{"line":13,"column":4},"end":{"line":15,"column":5}},"type":"if","locations":[{"start":{"line":13,"column":4},"end":{"line":15,"column":5}},{"start":{},"end":{}}]},"1":{"loc":{"start":{"line":41,"column":4},"end":{"line":43,"column":5}},"type":"if","locations":[{"start":{"line":41,"column":4},"end":{"line":43,"column":5}},{"start":{},"end":{}}]},"2":{"loc":{"start":{"line":66,"column":17},"end":{"line":66,"column":56}},"type":"binary-expr","locations":[{"start":{"line":66,"column":17},"end":{"line":66,"column":51}},{"start":{"line":66,"column":55},"end":{"line":66,"column":56}}]},"3":{"loc":{"start":{"line":67,"column":18},"end":{"line":67,"column":58}},"type":"binary-expr","locations":[{"start":{"line":67,"column":18},"end":{"line":67,"column":53}},{"start":{"line":67,"column":57},"end":{"line":67,"column":58}}]},"4":{"loc":{"start":{"line":76,"column":18},"end":{"line":76,"column":41}},"type":"binary-expr","locations":[{"start":{"line":76,"column":18},"end":{"line":76,"column":36}},{"start":{"line":76,"column":40},"end":{"line":76,"column":41}}]},"5":{"loc":{"start":{"line":94,"column":4},"end":{"line":96,"column":5}},"type":"if","locations":[{"start":{"line":94,"column":4},"end":{"line":96,"column":5}},{"start":{},"end":{}}]},"6":{"loc":{"start":{"line":102,"column":32},"end":{"line":102,"column":82}},"type":"binary-expr","locations":[{"start":{"line":102,"column":32},"end":{"line":102,"column":59}},{"start":{"line":102,"column":63},"end":{"line":102,"column":82}}]},"7":{"loc":{"start":{"line":104,"column":4},"end":{"line":106,"column":5}},"type":"if","locations":[{"start":{"line":104,"column":4},"end":{"line":106,"column":5}},{"start":{},"end":{}}]},"8":{"loc":{"start":{"line":117,"column":4},"end":{"line":119,"column":5}},"type":"if","locations":[{"start":{"line":117,"column":4},"end":{"line":119,"column":5}},{"start":{},"end":{}}]},"9":{"loc":{"start":{"line":122,"column":4},"end":{"line":124,"column":5}},"type":"if","locations":[{"start":{"line":122,"column":4},"end":{"line":124,"column":5}},{"start":{},"end":{}}]},"10":{"loc":{"start":{"line":148,"column":4},"end":{"line":150,"column":5}},"type":"if","locations":[{"start":{"line":148,"column":4},"end":{"line":150,"column":5}},{"start":{},"end":{}}]},"11":{"loc":{"start":{"line":158,"column":4},"end":{"line":160,"column":5}},"type":"if","locations":[{"start":{"line":158,"column":4},"end":{"line":160,"column":5}},{"start":{},"end":{}}]},"12":{"loc":{"start":{"line":165,"column":4},"end":{"line":167,"column":5}},"type":"if","locations":[{"start":{"line":165,"column":4},"end":{"line":167,"column":5}},{"start":{},"end":{}}]},"13":{"loc":{"start":{"line":171,"column":4},"end":{"line":177,"column":5}},"type":"if","locations":[{"start":{"line":171,"column":4},"end":{"line":177,"column":5}},{"start":{"line":175,"column":11},"end":{"line":177,"column":5}}]},"14":{"loc":{"start":{"line":171,"column":8},"end":{"line":171,"column":54}},"type":"binary-expr","locations":[{"start":{"line":171,"column":8},"end":{"line":171,"column":14}},{"start":{"line":171,"column":18},"end":{"line":171,"column":32}},{"start":{"line":171,"column":36},"end":{"line":171,"column":54}}]}},"s":{"0":1,"1":1,"2":1,"3":1,"4":1,"5":1,"6":1,"7":1,"8":1,"9":0,"10":0,"11":0,"12":1,"13":1,"14":2,"15":2,"16":2,"17":2,"18":2,"19":2,"20":0,"21":0,"22":0,"23":1,"24":1,"25":1,"26":1,"27":1,"28":1,"29":1,"30":1,"31":1,"32":1,"33":1,"34":0,"35":0,"36":1,"37":1,"38":0,"39":0,"40":0,"41":0,"42":0,"43":0,"44":0,"45":0,"46":0,"47":0,"48":0,"49":0,"50":0,"51":0,"52":0,"53":0,"54":0,"55":0,"56":0,"57":0,"58":0,"59":0,"60":0,"61":0,"62":1,"63":1,"64":0,"65":0,"66":0,"67":0,"68":0,"69":0,"70":0,"71":0,"72":0,"73":0,"74":0,"75":0,"76":0,"77":0,"78":0,"79":0,"80":0,"81":0,"82":0,"83":1},"f":{"0":1,"1":2,"2":1,"3":0,"4":0,"5":0,"6":0,"7":0},"b":{"0":[1,0],"1":[2,0],"2":[1,1],"3":[1,1],"4":[1,1],"5":[0,0],"6":[0,0],"7":[0,0],"8":[0,0],"9":[0,0],"10":[0,0],"11":[0,0],"12":[0,0],"13":[0,0],"14":[0,0,0]}}
,"C:\\Users\\mathi\\Documents\\B3_Ynov_2025-2026\\Developpement API\\fil-rouge\\src\\docs\\swagger.ts": {"path":"C:\\Users\\mathi\\Documents\\B3_Ynov_2025-2026\\Developpement API\\fil-rouge\\src\\docs\\swagger.ts","statementMap":{"0":{"start":{"line":1,"column":0},"end":{"line":1,"column":41}},"1":{"start":{"line":2,"column":0},"end":{"line":2,"column":24}},"2":{"start":{"line":4,"column":38},"end":{"line":144,"column":2}},"3":{"start":{"line":146,"column":13},"end":{"line":146,"column":49}}},"fnMap":{},"branchMap":{},"s":{"0":1,"1":1,"2":1,"3":1},"f":{},"b":{}}
,"C:\\Users\\mathi\\Documents\\B3_Ynov_2025-2026\\Developpement API\\fil-rouge\\src\\middlewares\\role.middlewares.ts": {"path":"C:\\Users\\mathi\\Documents\\B3_Ynov_2025-2026\\Developpement API\\fil-rouge\\src\\middlewares\\role.middlewares.ts","statementMap":{"0":{"start":{"line":2,"column":0},"end":{"line":2,"column":41}},"1":{"start":{"line":11,"column":27},"end":{"line":30,"column":1}},"2":{"start":{"line":12,"column":2},"end":{"line":29,"column":4}},"3":{"start":{"line":13,"column":4},"end":{"line":28,"column":5}},"4":{"start":{"line":14,"column":19},"end":{"line":14,"column":27}},"5":{"start":{"line":15,"column":6},"end":{"line":15,"column":77}},"6":{"start":{"line":15,"column":17},"end":{"line":15,"column":77}},"7":{"start":{"line":17,"column":17},"end":{"line":17,"column":32}},"8":{"start":{"line":18,"column":23},"end":{"line":20,"column":8}},"9":{"start":{"line":21,"column":6},"end":{"line":23,"column":7}},"10":{"start":{"line":22,"column":8},"end":{"line":22,"column":66}},"11":{"start":{"line":25,"column":6},"end":{"line":25,"column":13}},"12":{"start":{"line":27,"column":6},"end":{"line":27,"column":65}},"13":{"start":{"line":11,"column":13},"end":{"line":11,"column":27}}},"fnMap":{"0":{"name":"(anonymous_1)","decl":{"start":{"line":11,"column":27},"end":{"line":11,"column":28}},"loc":{"start":{"line":11,"column":49},"end":{"line":30,"column":1}}},"1":{"name":"(anonymous_2)","decl":{"start":{"line":12,"column":9},"end":{"line":12,"column":14}},"loc":{"start":{"line":12,"column":75},"end":{"line":29,"column":3}}}},"branchMap":{"0":{"loc":{"start":{"line":15,"column":6},"end":{"line":15,"column":77}},"type":"if","locations":[{"start":{"line":15,"column":6},"end":{"line":15,"column":77}},{"start":{},"end":{}}]},"1":{"loc":{"start":{"line":21,"column":6},"end":{"line":23,"column":7}},"type":"if","locations":[{"start":{"line":21,"column":6},"end":{"line":23,"column":7}},{"start":{},"end":{}}]}},"s":{"0":1,"1":1,"2":2,"3":0,"4":0,"5":0,"6":0,"7":0,"8":0,"9":0,"10":0,"11":0,"12":0,"13":1},"f":{"0":2,"1":0},"b":{"0":[0,0],"1":[0,0]}}
,"C:\\Users\\mathi\\Documents\\B3_Ynov_2025-2026\\Developpement API\\fil-rouge\\src\\routes\\admin.routes.ts": {"path":"C:\\Users\\mathi\\Documents\\B3_Ynov_2025-2026\\Developpement API\\fil-rouge\\src\\routes\\admin.routes.ts","statementMap":{"0":{"start":{"line":1,"column":0},"end":{"line":1,"column":33}},"1":{"start":{"line":2,"column":0},"end":{"line":2,"column":68}},"2":{"start":{"line":3,"column":0},"end":{"line":3,"column":62}},"3":{"start":{"line":4,"column":0},"end":{"line":4,"column":70}},"4":{"start":{"line":6,"column":15},"end":{"line":6,"column":23}},"5":{"start":{"line":36,"column":0},"end":{"line":36,"column":74}},"6":{"start":{"line":59,"column":0},"end":{"line":59,"column":78}},"7":{"start":{"line":61,"column":0},"end":{"line":61,"column":22}}},"fnMap":{},"branchMap":{},"s":{"0":1,"1":1,"2":1,"3":1,"4":1,"5":1,"6":1,"7":1},"f":{},"b":{}}
,"C:\\Users\\mathi\\Documents\\B3_Ynov_2025-2026\\Developpement API\\fil-rouge\\src\\routes\\auth.routes.ts": {"path":"C:\\Users\\mathi\\Documents\\B3_Ynov_2025-2026\\Developpement API\\fil-rouge\\src\\routes\\auth.routes.ts","statementMap":{"0":{"start":{"line":1,"column":0},"end":{"line":1,"column":33}},"1":{"start":{"line":2,"column":0},"end":{"line":2,"column":88}},"2":{"start":{"line":4,"column":15},"end":{"line":4,"column":23}},"3":{"start":{"line":44,"column":0},"end":{"line":44,"column":35}},"4":{"start":{"line":73,"column":0},"end":{"line":73,"column":29}},"5":{"start":{"line":95,"column":0},"end":{"line":95,"column":31}},"6":{"start":{"line":122,"column":0},"end":{"line":122,"column":38}},"7":{"start":{"line":124,"column":0},"end":{"line":124,"column":22}}},"fnMap":{},"branchMap":{},"s":{"0":1,"1":1,"2":1,"3":1,"4":1,"5":1,"6":1,"7":1},"f":{},"b":{}}
,"C:\\Users\\mathi\\Documents\\B3_Ynov_2025-2026\\Developpement API\\fil-rouge\\src\\routes\\sports.routes.ts": {"path":"C:\\Users\\mathi\\Documents\\B3_Ynov_2025-2026\\Developpement API\\fil-rouge\\src\\routes\\sports.routes.ts","statementMap":{"0":{"start":{"line":1,"column":0},"end":{"line":1,"column":33}},"1":{"start":{"line":2,"column":0},"end":{"line":2,"column":90}},"2":{"start":{"line":4,"column":15},"end":{"line":4,"column":23}},"3":{"start":{"line":25,"column":0},"end":{"line":25,"column":37}},"4":{"start":{"line":45,"column":0},"end":{"line":45,"column":39}},"5":{"start":{"line":65,"column":0},"end":{"line":65,"column":41}},"6":{"start":{"line":67,"column":0},"end":{"line":67,"column":22}}},"fnMap":{},"branchMap":{},"s":{"0":1,"1":1,"2":1,"3":1,"4":1,"5":1,"6":1},"f":{},"b":{}}
,"C:\\Users\\mathi\\Documents\\B3_Ynov_2025-2026\\Developpement API\\fil-rouge\\src\\routes\\user.routes.ts": {"path":"C:\\Users\\mathi\\Documents\\B3_Ynov_2025-2026\\Developpement API\\fil-rouge\\src\\routes\\user.routes.ts","statementMap":{"0":{"start":{"line":1,"column":0},"end":{"line":1,"column":33}},"1":{"start":{"line":2,"column":0},"end":{"line":2,"column":68}},"2":{"start":{"line":3,"column":0},"end":{"line":3,"column":118}},"3":{"start":{"line":5,"column":15},"end":{"line":5,"column":23}},"4":{"start":{"line":30,"column":0},"end":{"line":30,"column":54}},"5":{"start":{"line":55,"column":0},"end":{"line":55,"column":64}},"6":{"start":{"line":84,"column":0},"end":{"line":84,"column":53}},"7":{"start":{"line":104,"column":0},"end":{"line":104,"column":47}},"8":{"start":{"line":123,"column":0},"end":{"line":123,"column":50}},"9":{"start":{"line":125,"column":0},"end":{"line":125,"column":22}}},"fnMap":{},"branchMap":{},"s":{"0":1,"1":1,"2":1,"3":1,"4":1,"5":1,"6":1,"7":1,"8":1,"9":1},"f":{},"b":{}}
,"C:\\Users\\mathi\\Documents\\B3_Ynov_2025-2026\\Developpement API\\fil-rouge\\src\\services\\sports.service.ts": {"path":"C:\\Users\\mathi\\Documents\\B3_Ynov_2025-2026\\Developpement API\\fil-rouge\\src\\services\\sports.service.ts","statementMap":{"0":{"start":{"line":22,"column":0},"end":{"line":22,"column":16}},"1":{"start":{"line":26,"column":0},"end":{"line":26,"column":16}},"2":{"start":{"line":30,"column":0},"end":{"line":30,"column":16}},"3":{"start":{"line":1,"column":0},"end":{"line":1,"column":26}},"4":{"start":{"line":3,"column":17},"end":{"line":3,"column":60}},"5":{"start":{"line":6,"column":2},"end":{"line":19,"column":3}},"6":{"start":{"line":7,"column":16},"end":{"line":7,"column":36}},"7":{"start":{"line":8,"column":4},"end":{"line":8,"column":20}},"8":{"start":{"line":11,"column":4},"end":{"line":13,"column":5}},"9":{"start":{"line":12,"column":6},"end":{"line":12,"column":88}},"10":{"start":{"line":15,"column":4},"end":{"line":17,"column":5}},"11":{"start":{"line":16,"column":6},"end":{"line":16,"column":61}},"12":{"start":{"line":18,"column":4},"end":{"line":18,"column":44}},"13":{"start":{"line":23,"column":2},"end":{"line":23,"column":52}},"14":{"start":{"line":27,"column":2},"end":{"line":27,"column":68}},"15":{"start":{"line":31,"column":2},"end":{"line":31,"column":69}}},"fnMap":{"0":{"name":"safeApiCall","decl":{"start":{"line":5,"column":15},"end":{"line":5,"column":26}},"loc":{"start":{"line":5,"column":38},"end":{"line":20,"column":1}}},"1":{"name":"getLeagues","decl":{"start":{"line":22,"column":16},"end":{"line":22,"column":26}},"loc":{"start":{"line":22,"column":26},"end":{"line":24,"column":1}}},"2":{"name":"getLeague","decl":{"start":{"line":26,"column":16},"end":{"line":26,"column":25}},"loc":{"start":{"line":26,"column":42},"end":{"line":28,"column":1}}},"3":{"name":"getTeamsByLeague","decl":{"start":{"line":30,"column":16},"end":{"line":30,"column":32}},"loc":{"start":{"line":30,"column":47},"end":{"line":32,"column":1}}}},"branchMap":{"0":{"loc":{"start":{"line":11,"column":4},"end":{"line":13,"column":5}},"type":"if","locations":[{"start":{"line":11,"column":4},"end":{"line":13,"column":5}},{"start":{},"end":{}}]},"1":{"loc":{"start":{"line":15,"column":4},"end":{"line":17,"column":5}},"type":"if","locations":[{"start":{"line":15,"column":4},"end":{"line":17,"column":5}},{"start":{},"end":{}}]}},"s":{"0":1,"1":1,"2":1,"3":1,"4":1,"5":0,"6":0,"7":0,"8":0,"9":0,"10":0,"11":0,"12":0,"13":0,"14":0,"15":0},"f":{"0":0,"1":0,"2":0,"3":0},"b":{"0":[0,0],"1":[0,0]}}
}
