{"C:\\Users\\mathi\\Documents\\B3_Ynov_2025-2026\\Developpement API\\fil-rouge\\src\\controllers\\admin.controllers.ts": {"path":"C:\\Users\\mathi\\Documents\\B3_Ynov_2025-2026\\Developpement API\\fil-rouge\\src\\controllers\\admin.controllers.ts","statementMap":{"0":{"start":{"line":2,"column":0},"end":{"line":2,"column":41}},"1":{"start":{"line":4,"column":23},"end":{"line":25,"column":1}},"2":{"start":{"line":5,"column":2},"end":{"line":24,"column":3}},"3":{"start":{"line":6,"column":32},"end":{"line":6,"column":42}},"4":{"start":{"line":7,"column":15},"end":{"line":7,"column":30}},"5":{"start":{"line":9,"column":19},"end":{"line":9,"column":94}},"6":{"start":{"line":10,"column":4},"end":{"line":10,"column":83}},"7":{"start":{"line":10,"column":17},"end":{"line":10,"column":83}},"8":{"start":{"line":12,"column":4},"end":{"line":14,"column":5}},"9":{"start":{"line":13,"column":6},"end":{"line":13,"column":77}},"10":{"start":{"line":16,"column":4},"end":{"line":16,"column":79}},"11":{"start":{"line":18,"column":4},"end":{"line":18,"column":80}},"12":{"start":{"line":20,"column":4},"end":{"line":20,"column":75}},"13":{"start":{"line":22,"column":4},"end":{"line":22,"column":43}},"14":{"start":{"line":23,"column":4},"end":{"line":23,"column":54}},"15":{"start":{"line":4,"column":13},"end":{"line":4,"column":23}},"16":{"start":{"line":27,"column":25},"end":{"line":46,"column":1}},"17":{"start":{"line":28,"column":2},"end":{"line":45,"column":3}},"18":{"start":{"line":29,"column":27},"end":{"line":29,"column":37}},"19":{"start":{"line":30,"column":15},"end":{"line":30,"column":30}},"20":{"start":{"line":32,"column":19},"end":{"line":32,"column":89}},"21":{"start":{"line":33,"column":4},"end":{"line":33,"column":83}},"22":{"start":{"line":33,"column":17},"end":{"line":33,"column":83}},"23":{"start":{"line":35,"column":4},"end":{"line":37,"column":5}},"24":{"start":{"line":36,"column":6},"end":{"line":36,"column":78}},"25":{"start":{"line":39,"column":4},"end":{"line":39,"column":74}},"26":{"start":{"line":41,"column":4},"end":{"line":41,"column":72}},"27":{"start":{"line":43,"column":4},"end":{"line":43,"column":45}},"28":{"start":{"line":44,"column":4},"end":{"line":44,"column":54}},"29":{"start":{"line":27,"column":13},"end":{"line":27,"column":25}}},"fnMap":{"0":{"name":"(anonymous_1)","decl":{"start":{"line":4,"column":23},"end":{"line":4,"column":28}},"loc":{"start":{"line":4,"column":61},"end":{"line":25,"column":1}}},"1":{"name":"(anonymous_2)","decl":{"start":{"line":27,"column":25},"end":{"line":27,"column":30}},"loc":{"start":{"line":27,"column":63},"end":{"line":46,"column":1}}}},"branchMap":{"0":{"loc":{"start":{"line":10,"column":4},"end":{"line":10,"column":83}},"type":"if","locations":[{"start":{"line":10,"column":4},"end":{"line":10,"column":83}}]},"1":{"loc":{"start":{"line":12,"column":4},"end":{"line":14,"column":5}},"type":"if","locations":[{"start":{"line":12,"column":4},"end":{"line":14,"column":5}}]},"2":{"loc":{"start":{"line":33,"column":4},"end":{"line":33,"column":83}},"type":"if","locations":[{"start":{"line":33,"column":4},"end":{"line":33,"column":83}}]},"3":{"loc":{"start":{"line":35,"column":4},"end":{"line":37,"column":5}},"type":"if","locations":[{"start":{"line":35,"column":4},"end":{"line":37,"column":5}}]}},"s":{"0":1,"1":1,"2":3,"3":3,"4":3,"5":3,"6":3,"7":1,"8":2,"9":1,"10":1,"11":1,"12":1,"13":0,"14":0,"15":1,"16":1,"17":3,"18":3,"19":3,"20":3,"21":3,"22":1,"23":2,"24":1,"25":1,"26":1,"27":0,"28":0,"29":1},"f":{"0":3,"1":3},"b":{"0":[1],"1":[1],"2":[1],"3":[1]}}
,"C:\\Users\\mathi\\Documents\\B3_Ynov_2025-2026\\Developpement API\\fil-rouge\\src\\controllers\\auth.controllers.ts": {"path":"C:\\Users\\mathi\\Documents\\B3_Ynov_2025-2026\\Developpement API\\fil-rouge\\src\\controllers\\auth.controllers.ts","statementMap":{"0":{"start":{"line":2,"column":0},"end":{"line":2,"column":28}},"1":{"start":{"line":3,"column":0},"end":{"line":3,"column":31}},"2":{"start":{"line":4,"column":0},"end":{"line":4,"column":41}},"3":{"start":{"line":6,"column":24},"end":{"line":91,"column":1}},"4":{"start":{"line":7,"column":2},"end":{"line":90,"column":3}},"5":{"start":{"line":8,"column":42},"end":{"line":8,"column":50}},"6":{"start":{"line":10,"column":4},"end":{"line":12,"column":5}},"7":{"start":{"line":11,"column":6},"end":{"line":11,"column":65}},"8":{"start":{"line":15,"column":26},"end":{"line":15,"column":76}},"9":{"start":{"line":17,"column":4},"end":{"line":22,"column":5}},"10":{"start":{"line":18,"column":6},"end":{"line":21,"column":9}},"11":{"start":{"line":24,"column":15},"end":{"line":24,"column":30}},"12":{"start":{"line":26,"column":25},"end":{"line":28,"column":null}},"13":{"start":{"line":31,"column":4},"end":{"line":33,"column":5}},"14":{"start":{"line":32,"column":6},"end":{"line":32,"column":76}},"15":{"start":{"line":35,"column":19},"end":{"line":35,"column":50}},"16":{"start":{"line":37,"column":19},"end":{"line":39,"column":null}},"17":{"start":{"line":42,"column":4},"end":{"line":44,"column":5}},"18":{"start":{"line":43,"column":6},"end":{"line":43,"column":85}},"19":{"start":{"line":46,"column":17},"end":{"line":48,"column":null}},"20":{"start":{"line":51,"column":4},"end":{"line":53,"column":5}},"21":{"start":{"line":52,"column":6},"end":{"line":52,"column":89}},"22":{"start":{"line":55,"column":24},"end":{"line":58,"column":null}},"23":{"start":{"line":61,"column":25},"end":{"line":64,"column":null}},"24":{"start":{"line":67,"column":22},"end":{"line":67,"column":68}},"25":{"start":{"line":69,"column":4},"end":{"line":72,"column":6}},"26":{"start":{"line":74,"column":4},"end":{"line":78,"column":7}},"27":{"start":{"line":80,"column":4},"end":{"line":80,"column":52}},"28":{"start":{"line":83,"column":4},"end":{"line":87,"column":5}},"29":{"start":{"line":84,"column":6},"end":{"line":86,"column":9}},"30":{"start":{"line":89,"column":4},"end":{"line":89,"column":59}},"31":{"start":{"line":6,"column":13},"end":{"line":6,"column":24}},"32":{"start":{"line":93,"column":21},"end":{"line":140,"column":1}},"33":{"start":{"line":94,"column":2},"end":{"line":139,"column":3}},"34":{"start":{"line":95,"column":32},"end":{"line":95,"column":40}},"35":{"start":{"line":96,"column":15},"end":{"line":96,"column":30}},"36":{"start":{"line":98,"column":4},"end":{"line":100,"column":5}},"37":{"start":{"line":99,"column":6},"end":{"line":99,"column":65}},"38":{"start":{"line":102,"column":17},"end":{"line":102,"column":77}},"39":{"start":{"line":103,"column":4},"end":{"line":104,"column":72}},"40":{"start":{"line":104,"column":6},"end":{"line":104,"column":72}},"41":{"start":{"line":106,"column":4},"end":{"line":108,"column":5}},"42":{"start":{"line":107,"column":6},"end":{"line":107,"column":64}},"43":{"start":{"line":110,"column":18},"end":{"line":110,"column":63}},"44":{"start":{"line":111,"column":4},"end":{"line":112,"column":72}},"45":{"start":{"line":112,"column":6},"end":{"line":112,"column":72}},"46":{"start":{"line":114,"column":24},"end":{"line":117,"column":null}},"47":{"start":{"line":120,"column":25},"end":{"line":123,"column":null}},"48":{"start":{"line":127,"column":22},"end":{"line":127,"column":68}},"49":{"start":{"line":128,"column":4},"end":{"line":131,"column":6}},"50":{"start":{"line":133,"column":4},"end":{"line":135,"column":7}},"51":{"start":{"line":137,"column":4},"end":{"line":137,"column":25}},"52":{"start":{"line":138,"column":4},"end":{"line":138,"column":52}},"53":{"start":{"line":93,"column":13},"end":{"line":93,"column":21}},"54":{"start":{"line":142,"column":22},"end":{"line":178,"column":1}},"55":{"start":{"line":143,"column":2},"end":{"line":177,"column":3}},"56":{"start":{"line":144,"column":32},"end":{"line":144,"column":40}},"57":{"start":{"line":145,"column":15},"end":{"line":145,"column":30}},"58":{"start":{"line":147,"column":4},"end":{"line":149,"column":5}},"59":{"start":{"line":148,"column":6},"end":{"line":148,"column":77}},"60":{"start":{"line":151,"column":17},"end":{"line":153,"column":null}},"61":{"start":{"line":156,"column":4},"end":{"line":158,"column":5}},"62":{"start":{"line":157,"column":6},"end":{"line":157,"column":72}},"63":{"start":{"line":160,"column":28},"end":{"line":160,"column":73}},"64":{"start":{"line":161,"column":4},"end":{"line":163,"column":5}},"65":{"start":{"line":162,"column":6},"end":{"line":162,"column":71}},"66":{"start":{"line":165,"column":19},"end":{"line":165,"column":90}},"67":{"start":{"line":167,"column":4},"end":{"line":171,"column":5}},"68":{"start":{"line":168,"column":6},"end":{"line":170,"column":9}},"69":{"start":{"line":173,"column":4},"end":{"line":173,"column":98}},"70":{"start":{"line":175,"column":4},"end":{"line":175,"column":52}},"71":{"start":{"line":176,"column":4},"end":{"line":176,"column":65}},"72":{"start":{"line":142,"column":13},"end":{"line":142,"column":22}},"73":{"start":{"line":180,"column":28},"end":{"line":208,"column":1}},"74":{"start":{"line":181,"column":2},"end":{"line":207,"column":3}},"75":{"start":{"line":182,"column":29},"end":{"line":182,"column":37}},"76":{"start":{"line":183,"column":15},"end":{"line":183,"column":30}},"77":{"start":{"line":185,"column":4},"end":{"line":186,"column":75}},"78":{"start":{"line":186,"column":6},"end":{"line":186,"column":75}},"79":{"start":{"line":188,"column":19},"end":{"line":188,"column":95}},"80":{"start":{"line":189,"column":4},"end":{"line":190,"column":71}},"81":{"start":{"line":190,"column":6},"end":{"line":190,"column":71}},"82":{"start":{"line":192,"column":20},"end":{"line":194,"column":null}},"83":{"start":{"line":197,"column":27},"end":{"line":200,"column":null}},"84":{"start":{"line":203,"column":4},"end":{"line":203,"column":58}},"85":{"start":{"line":205,"column":4},"end":{"line":205,"column":25}},"86":{"start":{"line":206,"column":4},"end":{"line":206,"column":72}},"87":{"start":{"line":180,"column":13},"end":{"line":180,"column":28}}},"fnMap":{"0":{"name":"(anonymous_1)","decl":{"start":{"line":6,"column":24},"end":{"line":6,"column":29}},"loc":{"start":{"line":6,"column":62},"end":{"line":91,"column":1}}},"1":{"name":"(anonymous_2)","decl":{"start":{"line":93,"column":21},"end":{"line":93,"column":26}},"loc":{"start":{"line":93,"column":59},"end":{"line":140,"column":1}}},"2":{"name":"(anonymous_3)","decl":{"start":{"line":142,"column":22},"end":{"line":142,"column":27}},"loc":{"start":{"line":142,"column":60},"end":{"line":178,"column":1}}},"3":{"name":"(anonymous_4)","decl":{"start":{"line":180,"column":28},"end":{"line":180,"column":33}},"loc":{"start":{"line":180,"column":66},"end":{"line":208,"column":1}}}},"branchMap":{"0":{"loc":{"start":{"line":10,"column":4},"end":{"line":12,"column":5}},"type":"if","locations":[{"start":{"line":10,"column":4},"end":{"line":12,"column":5}}]},"1":{"loc":{"start":{"line":10,"column":8},"end":{"line":10,"column":40}},"type":"binary-expr","locations":[{"start":{"line":10,"column":8},"end":{"line":10,"column":17}},{"start":{"line":10,"column":21},"end":{"line":10,"column":27}},{"start":{"line":10,"column":31},"end":{"line":10,"column":40}}]},"2":{"loc":{"start":{"line":17,"column":4},"end":{"line":22,"column":5}},"type":"if","locations":[{"start":{"line":17,"column":4},"end":{"line":22,"column":5}}]},"3":{"loc":{"start":{"line":31,"column":4},"end":{"line":33,"column":5}},"type":"if","locations":[{"start":{"line":31,"column":4},"end":{"line":33,"column":5}}]},"4":{"loc":{"start":{"line":42,"column":4},"end":{"line":44,"column":5}},"type":"if","locations":[{"start":{"line":42,"column":4},"end":{"line":44,"column":5}}]},"5":{"loc":{"start":{"line":42,"column":8},"end":{"line":42,"column":33}},"type":"binary-expr","locations":[{"start":{"line":42,"column":8},"end":{"line":42,"column":15}},{"start":{"line":42,"column":19},"end":{"line":42,"column":33}}]},"6":{"loc":{"start":{"line":51,"column":4},"end":{"line":53,"column":5}},"type":"if","locations":[{"start":{"line":51,"column":4},"end":{"line":53,"column":5}}]},"7":{"loc":{"start":{"line":83,"column":4},"end":{"line":87,"column":5}},"type":"if","locations":[{"start":{"line":83,"column":4},"end":{"line":87,"column":5}}]},"8":{"loc":{"start":{"line":98,"column":4},"end":{"line":100,"column":5}},"type":"if","locations":[{"start":{"line":98,"column":4},"end":{"line":100,"column":5}}]},"9":{"loc":{"start":{"line":98,"column":8},"end":{"line":98,"column":27}},"type":"binary-expr","locations":[{"start":{"line":98,"column":8},"end":{"line":98,"column":14}},{"start":{"line":98,"column":18},"end":{"line":98,"column":27}}]},"10":{"loc":{"start":{"line":103,"column":4},"end":{"line":104,"column":72}},"type":"if","locations":[{"start":{"line":103,"column":4},"end":{"line":104,"column":72}}]},"11":{"loc":{"start":{"line":106,"column":4},"end":{"line":108,"column":5}},"type":"if","locations":[{"start":{"line":106,"column":4},"end":{"line":108,"column":5}}]},"12":{"loc":{"start":{"line":111,"column":4},"end":{"line":112,"column":72}},"type":"if","locations":[{"start":{"line":111,"column":4},"end":{"line":112,"column":72}}]},"13":{"loc":{"start":{"line":147,"column":4},"end":{"line":149,"column":5}},"type":"if","locations":[{"start":{"line":147,"column":4},"end":{"line":149,"column":5}}]},"14":{"loc":{"start":{"line":147,"column":8},"end":{"line":147,"column":27}},"type":"binary-expr","locations":[{"start":{"line":147,"column":8},"end":{"line":147,"column":14}},{"start":{"line":147,"column":18},"end":{"line":147,"column":27}}]},"15":{"loc":{"start":{"line":156,"column":4},"end":{"line":158,"column":5}},"type":"if","locations":[{"start":{"line":156,"column":4},"end":{"line":158,"column":5}}]},"16":{"loc":{"start":{"line":161,"column":4},"end":{"line":163,"column":5}},"type":"if","locations":[{"start":{"line":161,"column":4},"end":{"line":163,"column":5}}]},"17":{"loc":{"start":{"line":167,"column":4},"end":{"line":171,"column":5}},"type":"if","locations":[{"start":{"line":167,"column":4},"end":{"line":171,"column":5}}]},"18":{"loc":{"start":{"line":185,"column":4},"end":{"line":186,"column":75}},"type":"if","locations":[{"start":{"line":185,"column":4},"end":{"line":186,"column":75}}]},"19":{"loc":{"start":{"line":189,"column":4},"end":{"line":190,"column":71}},"type":"if","locations":[{"start":{"line":189,"column":4},"end":{"line":190,"column":71}}]}},"s":{"0":1,"1":1,"2":1,"3":1,"4":6,"5":6,"6":6,"7":1,"8":5,"9":5,"10":1,"11":4,"12":4,"13":3,"14":1,"15":2,"16":2,"17":1,"18":0,"19":1,"20":1,"21":0,"22":1,"23":1,"24":1,"25":1,"26":1,"27":2,"28":2,"29":1,"30":1,"31":1,"32":1,"33":5,"34":5,"35":5,"36":5,"37":1,"38":4,"39":4,"40":1,"41":3,"42":1,"43":2,"44":2,"45":1,"46":1,"47":1,"48":1,"49":1,"50":1,"51":0,"52":0,"53":1,"54":1,"55":5,"56":5,"57":5,"58":5,"59":1,"60":4,"61":4,"62":1,"63":3,"64":3,"65":1,"66":2,"67":2,"68":1,"69":1,"70":0,"71":0,"72":1,"73":1,"74":4,"75":4,"76":4,"77":4,"78":1,"79":3,"80":3,"81":1,"82":2,"83":1,"84":1,"85":1,"86":1,"87":1},"f":{"0":6,"1":5,"2":5,"3":4},"b":{"0":[1],"1":[6,5,5],"2":[1],"3":[1],"4":[0],"5":[1,1],"6":[0],"7":[1],"8":[1],"9":[5,4],"10":[1],"11":[1],"12":[1],"13":[1],"14":[5,4],"15":[1],"16":[1],"17":[1],"18":[1],"19":[1]}}
,"C:\\Users\\mathi\\Documents\\B3_Ynov_2025-2026\\Developpement API\\fil-rouge\\src\\controllers\\user.controllers.ts": {"path":"C:\\Users\\mathi\\Documents\\B3_Ynov_2025-2026\\Developpement API\\fil-rouge\\src\\controllers\\user.controllers.ts","statementMap":{"0":{"start":{"line":2,"column":0},"end":{"line":2,"column":41}},"1":{"start":{"line":4,"column":0},"end":{"line":4,"column":28}},"2":{"start":{"line":6,"column":27},"end":{"line":32,"column":1}},"3":{"start":{"line":7,"column":2},"end":{"line":31,"column":3}},"4":{"start":{"line":8,"column":19},"end":{"line":8,"column":27}},"5":{"start":{"line":9,"column":15},"end":{"line":9,"column":30}},"6":{"start":{"line":11,"column":17},"end":{"line":11,"column":77}},"7":{"start":{"line":13,"column":4},"end":{"line":15,"column":5}},"8":{"start":{"line":14,"column":6},"end":{"line":14,"column":72}},"9":{"start":{"line":17,"column":4},"end":{"line":27,"column":7}},"10":{"start":{"line":29,"column":4},"end":{"line":29,"column":25}},"11":{"start":{"line":30,"column":4},"end":{"line":30,"column":54}},"12":{"start":{"line":6,"column":13},"end":{"line":6,"column":27}},"13":{"start":{"line":34,"column":33},"end":{"line":59,"column":1}},"14":{"start":{"line":35,"column":2},"end":{"line":58,"column":3}},"15":{"start":{"line":36,"column":19},"end":{"line":36,"column":29}},"16":{"start":{"line":37,"column":15},"end":{"line":37,"column":30}},"17":{"start":{"line":39,"column":17},"end":{"line":39,"column":77}},"18":{"start":{"line":41,"column":4},"end":{"line":43,"column":5}},"19":{"start":{"line":42,"column":6},"end":{"line":42,"column":72}},"20":{"start":{"line":45,"column":4},"end":{"line":54,"column":7}},"21":{"start":{"line":56,"column":4},"end":{"line":56,"column":25}},"22":{"start":{"line":57,"column":4},"end":{"line":57,"column":54}},"23":{"start":{"line":34,"column":13},"end":{"line":34,"column":33}},"24":{"start":{"line":61,"column":27},"end":{"line":89,"column":1}},"25":{"start":{"line":62,"column":2},"end":{"line":88,"column":3}},"26":{"start":{"line":63,"column":15},"end":{"line":63,"column":30}},"27":{"start":{"line":66,"column":17},"end":{"line":66,"column":56}},"28":{"start":{"line":67,"column":18},"end":{"line":67,"column":58}},"29":{"start":{"line":68,"column":19},"end":{"line":68,"column":37}},"30":{"start":{"line":70,"column":18},"end":{"line":72,"column":null}},"31":{"start":{"line":75,"column":24},"end":{"line":75,"column":94}},"32":{"start":{"line":76,"column":18},"end":{"line":76,"column":41}},"33":{"start":{"line":78,"column":4},"end":{"line":84,"column":7}},"34":{"start":{"line":86,"column":4},"end":{"line":86,"column":53}},"35":{"start":{"line":87,"column":4},"end":{"line":87,"column":54}},"36":{"start":{"line":61,"column":13},"end":{"line":61,"column":27}},"37":{"start":{"line":91,"column":26},"end":{"line":141,"column":1}},"38":{"start":{"line":92,"column":2},"end":{"line":140,"column":3}},"39":{"start":{"line":93,"column":19},"end":{"line":93,"column":27}},"40":{"start":{"line":94,"column":4},"end":{"line":96,"column":5}},"41":{"start":{"line":95,"column":6},"end":{"line":95,"column":76}},"42":{"start":{"line":98,"column":15},"end":{"line":98,"column":30}},"43":{"start":{"line":99,"column":26},"end":{"line":99,"column":72}},"44":{"start":{"line":101,"column":20},"end":{"line":102,"column":83}},"45":{"start":{"line":102,"column":32},"end":{"line":102,"column":82}},"46":{"start":{"line":104,"column":4},"end":{"line":106,"column":5}},"47":{"start":{"line":105,"column":6},"end":{"line":105,"column":78}},"48":{"start":{"line":108,"column":19},"end":{"line":108,"column":66}},"49":{"start":{"line":108,"column":42},"end":{"line":108,"column":54}},"50":{"start":{"line":109,"column":19},"end":{"line":109,"column":53}},"51":{"start":{"line":109,"column":47},"end":{"line":109,"column":52}},"52":{"start":{"line":110,"column":4},"end":{"line":110,"column":20}},"53":{"start":{"line":112,"column":19},"end":{"line":114,"column":null}},"54":{"start":{"line":117,"column":4},"end":{"line":119,"column":5}},"55":{"start":{"line":118,"column":6},"end":{"line":118,"column":84}},"56":{"start":{"line":121,"column":24},"end":{"line":121,"column":84}},"57":{"start":{"line":122,"column":4},"end":{"line":124,"column":5}},"58":{"start":{"line":123,"column":6},"end":{"line":123,"column":90}},"59":{"start":{"line":126,"column":4},"end":{"line":136,"column":7}},"60":{"start":{"line":138,"column":4},"end":{"line":138,"column":52}},"61":{"start":{"line":139,"column":4},"end":{"line":139,"column":54}},"62":{"start":{"line":91,"column":13},"end":{"line":91,"column":26}},"63":{"start":{"line":143,"column":26},"end":{"line":182,"column":1}},"64":{"start":{"line":144,"column":2},"end":{"line":181,"column":3}},"65":{"start":{"line":145,"column":19},"end":{"line":145,"column":27}},"66":{"start":{"line":146,"column":29},"end":{"line":146,"column":37}},"67":{"start":{"line":148,"column":4},"end":{"line":150,"column":5}},"68":{"start":{"line":149,"column":6},"end":{"line":149,"column":71}},"69":{"start":{"line":152,"column":15},"end":{"line":152,"column":30}},"70":{"start":{"line":153,"column":17},"end":{"line":155,"column":null}},"71":{"start":{"line":158,"column":4},"end":{"line":160,"column":5}},"72":{"start":{"line":159,"column":6},"end":{"line":159,"column":75}},"73":{"start":{"line":162,"column":35},"end":{"line":162,"column":39}},"74":{"start":{"line":164,"column":18},"end":{"line":164,"column":62}},"75":{"start":{"line":165,"column":4},"end":{"line":167,"column":5}},"76":{"start":{"line":166,"column":6},"end":{"line":166,"column":74}},"77":{"start":{"line":169,"column":19},"end":{"line":169,"column":69}},"78":{"start":{"line":171,"column":4},"end":{"line":177,"column":5}},"79":{"start":{"line":172,"column":6},"end":{"line":174,"column":9}},"80":{"start":{"line":176,"column":6},"end":{"line":176,"column":75}},"81":{"start":{"line":179,"column":4},"end":{"line":179,"column":25}},"82":{"start":{"line":180,"column":4},"end":{"line":180,"column":66}},"83":{"start":{"line":143,"column":13},"end":{"line":143,"column":26}}},"fnMap":{"0":{"name":"(anonymous_1)","decl":{"start":{"line":6,"column":27},"end":{"line":6,"column":32}},"loc":{"start":{"line":6,"column":61},"end":{"line":32,"column":1}}},"1":{"name":"(anonymous_2)","decl":{"start":{"line":34,"column":33},"end":{"line":34,"column":38}},"loc":{"start":{"line":34,"column":71},"end":{"line":59,"column":1}}},"2":{"name":"(anonymous_3)","decl":{"start":{"line":61,"column":27},"end":{"line":61,"column":32}},"loc":{"start":{"line":61,"column":65},"end":{"line":89,"column":1}}},"3":{"name":"(anonymous_4)","decl":{"start":{"line":91,"column":26},"end":{"line":91,"column":31}},"loc":{"start":{"line":91,"column":60},"end":{"line":141,"column":1}}},"4":{"name":"(anonymous_5)","decl":{"start":{"line":102,"column":14},"end":{"line":102,"column":15}},"loc":{"start":{"line":102,"column":32},"end":{"line":102,"column":82}}},"5":{"name":"(anonymous_6)","decl":{"start":{"line":108,"column":31},"end":{"line":108,"column":32}},"loc":{"start":{"line":108,"column":42},"end":{"line":108,"column":54}}},"6":{"name":"(anonymous_7)","decl":{"start":{"line":109,"column":31},"end":{"line":109,"column":32}},"loc":{"start":{"line":109,"column":47},"end":{"line":109,"column":52}}},"7":{"name":"(anonymous_8)","decl":{"start":{"line":143,"column":26},"end":{"line":143,"column":31}},"loc":{"start":{"line":143,"column":60},"end":{"line":182,"column":1}}}},"branchMap":{"0":{"loc":{"start":{"line":13,"column":4},"end":{"line":15,"column":5}},"type":"if","locations":[{"start":{"line":13,"column":4},"end":{"line":15,"column":5}}]},"1":{"loc":{"start":{"line":41,"column":4},"end":{"line":43,"column":5}},"type":"if","locations":[{"start":{"line":41,"column":4},"end":{"line":43,"column":5}}]},"2":{"loc":{"start":{"line":66,"column":17},"end":{"line":66,"column":56}},"type":"binary-expr","locations":[{"start":{"line":66,"column":17},"end":{"line":66,"column":51}},{"start":{"line":66,"column":55},"end":{"line":66,"column":56}}]},"3":{"loc":{"start":{"line":67,"column":18},"end":{"line":67,"column":58}},"type":"binary-expr","locations":[{"start":{"line":67,"column":18},"end":{"line":67,"column":53}},{"start":{"line":67,"column":57},"end":{"line":67,"column":58}}]},"4":{"loc":{"start":{"line":76,"column":18},"end":{"line":76,"column":41}},"type":"binary-expr","locations":[{"start":{"line":76,"column":18},"end":{"line":76,"column":36}},{"start":{"line":76,"column":40},"end":{"line":76,"column":41}}]},"5":{"loc":{"start":{"line":94,"column":4},"end":{"line":96,"column":5}},"type":"if","locations":[{"start":{"line":94,"column":4},"end":{"line":96,"column":5}}]},"6":{"loc":{"start":{"line":102,"column":32},"end":{"line":102,"column":82}},"type":"binary-expr","locations":[{"start":{"line":102,"column":32},"end":{"line":102,"column":59}},{"start":{"line":102,"column":63},"end":{"line":102,"column":82}}]},"7":{"loc":{"start":{"line":104,"column":4},"end":{"line":106,"column":5}},"type":"if","locations":[{"start":{"line":104,"column":4},"end":{"line":106,"column":5}}]},"8":{"loc":{"start":{"line":117,"column":4},"end":{"line":119,"column":5}},"type":"if","locations":[{"start":{"line":117,"column":4},"end":{"line":119,"column":5}}]},"9":{"loc":{"start":{"line":122,"column":4},"end":{"line":124,"column":5}},"type":"if","locations":[{"start":{"line":122,"column":4},"end":{"line":124,"column":5}}]},"10":{"loc":{"start":{"line":148,"column":4},"end":{"line":150,"column":5}},"type":"if","locations":[{"start":{"line":148,"column":4},"end":{"line":150,"column":5}}]},"11":{"loc":{"start":{"line":158,"column":4},"end":{"line":160,"column":5}},"type":"if","locations":[{"start":{"line":158,"column":4},"end":{"line":160,"column":5}}]},"12":{"loc":{"start":{"line":165,"column":4},"end":{"line":167,"column":5}},"type":"if","locations":[{"start":{"line":165,"column":4},"end":{"line":167,"column":5}}]},"13":{"loc":{"start":{"line":171,"column":4},"end":{"line":177,"column":5}},"type":"if","locations":[{"start":{"line":171,"column":4},"end":{"line":177,"column":5}},{"start":{"line":175,"column":11},"end":{"line":177,"column":5}}]},"14":{"loc":{"start":{"line":171,"column":8},"end":{"line":171,"column":54}},"type":"binary-expr","locations":[{"start":{"line":171,"column":8},"end":{"line":171,"column":14}},{"start":{"line":171,"column":18},"end":{"line":171,"column":32}},{"start":{"line":171,"column":36},"end":{"line":171,"column":54}}]}},"s":{"0":1,"1":1,"2":1,"3":2,"4":2,"5":2,"6":2,"7":2,"8":1,"9":1,"10":0,"11":0,"12":1,"13":1,"14":2,"15":2,"16":2,"17":2,"18":2,"19":1,"20":1,"21":0,"22":0,"23":1,"24":1,"25":1,"26":1,"27":1,"28":1,"29":1,"30":1,"31":1,"32":1,"33":1,"34":0,"35":0,"36":1,"37":1,"38":3,"39":3,"40":3,"41":0,"42":3,"43":3,"44":3,"45":4,"46":3,"47":1,"48":2,"49":3,"50":2,"51":3,"52":2,"53":2,"54":2,"55":1,"56":1,"57":1,"58":0,"59":1,"60":0,"61":0,"62":1,"63":1,"64":3,"65":3,"66":3,"67":3,"68":0,"69":3,"70":3,"71":3,"72":1,"73":2,"74":2,"75":2,"76":1,"77":1,"78":1,"79":1,"80":0,"81":0,"82":0,"83":1},"f":{"0":2,"1":2,"2":1,"3":3,"4":4,"5":3,"6":3,"7":3},"b":{"0":[1],"1":[1],"2":[1,0],"3":[1,0],"4":[1,0],"5":[0],"6":[4,3],"7":[1],"8":[1],"9":[0],"10":[0],"11":[1],"12":[1],"13":[1,0],"14":[1,1,1]}}
}
