TN:
SF:src\controllers\admin.controllers.ts
FN:4,(anonymous_1)
FN:27,(anonymous_2)
FNF:2
FNH:2
FNDA:3,(anonymous_1)
FNDA:3,(anonymous_2)
DA:2,1
DA:4,1
DA:5,3
DA:6,3
DA:7,3
DA:9,3
DA:10,3
DA:12,2
DA:13,1
DA:16,1
DA:18,1
DA:20,1
DA:22,0
DA:23,0
DA:27,1
DA:28,3
DA:29,3
DA:30,3
DA:32,3
DA:33,3
DA:35,2
DA:36,1
DA:39,1
DA:41,1
DA:43,0
DA:44,0
LF:26
LH:22
BRDA:10,0,0,1
BRDA:12,1,0,1
BRDA:33,2,0,1
BRDA:35,3,0,1
BRF:4
BRH:4
end_of_record
TN:
SF:src\controllers\auth.controllers.ts
FN:6,(anonymous_1)
FN:93,(anonymous_2)
FN:142,(anonymous_3)
FN:180,(anonymous_4)
FNF:4
FNH:4
FNDA:6,(anonymous_1)
FNDA:5,(anonymous_2)
FNDA:5,(anonymous_3)
FNDA:4,(anonymous_4)
DA:2,1
DA:3,1
DA:4,1
DA:6,1
DA:7,6
DA:8,6
DA:10,6
DA:11,1
DA:15,5
DA:17,5
DA:18,1
DA:24,4
DA:26,4
DA:31,3
DA:32,1
DA:35,2
DA:37,2
DA:42,1
DA:43,0
DA:46,1
DA:51,1
DA:52,0
DA:55,1
DA:61,1
DA:67,1
DA:69,1
DA:74,1
DA:80,2
DA:83,2
DA:84,1
DA:89,1
DA:93,1
DA:94,5
DA:95,5
DA:96,5
DA:98,5
DA:99,1
DA:102,4
DA:103,4
DA:104,1
DA:106,3
DA:107,1
DA:110,2
DA:111,2
DA:112,1
DA:114,1
DA:120,1
DA:127,1
DA:128,1
DA:133,1
DA:137,0
DA:138,0
DA:142,1
DA:143,5
DA:144,5
DA:145,5
DA:147,5
DA:148,1
DA:151,4
DA:156,4
DA:157,1
DA:160,3
DA:161,3
DA:162,1
DA:165,2
DA:167,2
DA:168,1
DA:173,1
DA:175,0
DA:176,0
DA:180,1
DA:181,4
DA:182,4
DA:183,4
DA:185,4
DA:186,1
DA:188,3
DA:189,3
DA:190,1
DA:192,2
DA:197,1
DA:203,1
DA:205,1
DA:206,1
LF:84
LH:78
BRDA:10,0,0,1
BRDA:10,1,0,6
BRDA:10,1,1,5
BRDA:10,1,2,5
BRDA:17,2,0,1
BRDA:31,3,0,1
BRDA:42,4,0,0
BRDA:42,5,0,1
BRDA:42,5,1,1
BRDA:51,6,0,0
BRDA:83,7,0,1
BRDA:98,8,0,1
BRDA:98,9,0,5
BRDA:98,9,1,4
BRDA:103,10,0,1
BRDA:106,11,0,1
BRDA:111,12,0,1
BRDA:147,13,0,1
BRDA:147,14,0,5
BRDA:147,14,1,4
BRDA:156,15,0,1
BRDA:161,16,0,1
BRDA:167,17,0,1
BRDA:185,18,0,1
BRDA:189,19,0,1
BRF:25
BRH:23
end_of_record
TN:
SF:src\controllers\user.controllers.ts
FN:6,(anonymous_1)
FN:34,(anonymous_2)
FN:61,(anonymous_3)
FN:91,(anonymous_4)
FN:102,(anonymous_5)
FN:108,(anonymous_6)
FN:109,(anonymous_7)
FN:143,(anonymous_8)
FNF:8
FNH:8
FNDA:2,(anonymous_1)
FNDA:2,(anonymous_2)
FNDA:1,(anonymous_3)
FNDA:3,(anonymous_4)
FNDA:4,(anonymous_5)
FNDA:3,(anonymous_6)
FNDA:3,(anonymous_7)
FNDA:3,(anonymous_8)
DA:2,1
DA:4,1
DA:6,1
DA:7,2
DA:8,2
DA:9,2
DA:11,2
DA:13,2
DA:14,1
DA:17,1
DA:29,0
DA:30,0
DA:34,1
DA:35,2
DA:36,2
DA:37,2
DA:39,2
DA:41,2
DA:42,1
DA:45,1
DA:56,0
DA:57,0
DA:61,1
DA:62,1
DA:63,1
DA:66,1
DA:67,1
DA:68,1
DA:70,1
DA:75,1
DA:76,1
DA:78,1
DA:86,0
DA:87,0
DA:91,1
DA:92,3
DA:93,3
DA:94,3
DA:95,0
DA:98,3
DA:99,3
DA:101,3
DA:102,4
DA:104,3
DA:105,1
DA:108,3
DA:109,3
DA:110,2
DA:112,2
DA:117,2
DA:118,1
DA:121,1
DA:122,1
DA:123,0
DA:126,1
DA:138,0
DA:139,0
DA:143,1
DA:144,3
DA:145,3
DA:146,3
DA:148,3
DA:149,0
DA:152,3
DA:153,3
DA:158,3
DA:159,1
DA:162,2
DA:164,2
DA:165,2
DA:166,1
DA:169,1
DA:171,1
DA:172,1
DA:176,0
DA:179,0
DA:180,0
LF:77
LH:63
BRDA:13,0,0,1
BRDA:41,1,0,1
BRDA:66,2,0,1
BRDA:66,2,1,0
BRDA:67,3,0,1
BRDA:67,3,1,0
BRDA:76,4,0,1
BRDA:76,4,1,0
BRDA:94,5,0,0
BRDA:102,6,0,4
BRDA:102,6,1,3
BRDA:104,7,0,1
BRDA:117,8,0,1
BRDA:122,9,0,0
BRDA:148,10,0,0
BRDA:158,11,0,1
BRDA:165,12,0,1
BRDA:171,13,0,1
BRDA:171,13,1,0
BRDA:171,14,0,1
BRDA:171,14,1,1
BRDA:171,14,2,1
BRF:22
BRH:15
end_of_record
